Using pre-set license
Built from '2020.3/release' branch; Version is '2020.3.27f1 (e759542391ea) revision 15161684'; Using compiler version '192528614'; Build Type 'Release'
OS: 'Windows 10  (10.0.19041) 64bit Professional' Language: 'ru' Physical Memory: 16304 MB
BatchMode: 1, IsHumanControllingUs: 0, StartBugReporterOnCrash: 0, Is64bit: 1, IsPro: 0

COMMAND LINE ARGUMENTS:
C:\Users\kasat\Documents\Unity\2020.3.27f1\Editor\Unity.exe
-adb2
-batchMode
-noUpm
-name
AssetImportWorker0
-projectPath
C:/Users/kasat/MMO
-logFile
Logs/AssetImportWorker0.log
-srvPort
49163
Successfully changed project path to: C:/Users/kasat/MMO
C:/Users/kasat/MMO
Using Asset Import Pipeline V2.
Refreshing native plugins compatible for Editor in 70.17 ms, found 3 plugins.
Preloading 0 native plugins for Editor in 0.00 ms.
Initialize engine version: 2020.3.27f1 (e759542391ea)
[Subsystems] Discovering subsystems at path C:/Users/kasat/Documents/Unity/2020.3.27f1/Editor/Data/Resources/UnitySubsystems
[Subsystems] Discovering subsystems at path C:/Users/kasat/MMO/Assets
GfxDevice: creating device client; threaded=0
Direct3D:
    Version:  Direct3D 11.0 [level 11.1]
    Renderer: Radeon (TM) RX 480 Graphics (ID=0x67df)
    Vendor:   
    VRAM:     8171 MB
    Driver:   27.20.22001.14011
Initialize mono
Mono path[0] = 'C:/Users/kasat/Documents/Unity/2020.3.27f1/Editor/Data/Managed'
Mono path[1] = 'C:/Users/kasat/Documents/Unity/2020.3.27f1/Editor/Data/MonoBleedingEdge/lib/mono/unityjit'
Mono config path = 'C:/Users/kasat/Documents/Unity/2020.3.27f1/Editor/Data/MonoBleedingEdge/etc'
Using monoOptions --debugger-agent=transport=dt_socket,embedding=1,server=y,suspend=n,address=127.0.0.1:56060
Begin MonoManager ReloadAssembly
Registering precompiled unity dll's ...
Register platform support module: C:/Users/kasat/Documents/Unity/2020.3.27f1/Editor/Data/PlaybackEngines/WebGLSupport/UnityEditor.WebGL.Extensions.dll
Register platform support module: C:/Users/kasat/Documents/Unity/2020.3.27f1/Editor/Data/PlaybackEngines/WindowsStandaloneSupport/UnityEditor.WindowsStandalone.Extensions.dll
Registered in 0.002959 seconds.
Native extension for WindowsStandalone target not found
Native extension for WebGL target not found
Refreshing native plugins compatible for Editor in 70.80 ms, found 3 plugins.
Preloading 0 native plugins for Editor in 0.00 ms.
Mono: successfully reloaded assembly
- Completed reload, in  0.864 seconds
Domain Reload Profiling:
	ReloadAssembly (864ms)
		BeginReloadAssembly (87ms)
			ExecutionOrderSort (0ms)
			DisableScriptedObjects (0ms)
			BackupInstance (0ms)
			ReleaseScriptingObjects (0ms)
			CreateAndSetChildDomain (1ms)
		EndReloadAssembly (675ms)
			LoadAssemblies (84ms)
			RebuildTransferFunctionScriptingTraits (0ms)
			SetupTypeCache (217ms)
			ReleaseScriptCaches (0ms)
			RebuildScriptCaches (48ms)
			SetupLoadedEditorAssemblies (266ms)
				LogAssemblyErrors (0ms)
				InitializePlatformSupportModulesInManaged (8ms)
				SetLoadedEditorAssemblies (0ms)
				RefreshPlugins (71ms)
				BeforeProcessingInitializeOnLoad (19ms)
				ProcessInitializeOnLoadAttributes (127ms)
				ProcessInitializeOnLoadMethodAttributes (40ms)
				AfterProcessingInitializeOnLoad (0ms)
				EditorAssembliesLoaded (0ms)
			ExecutionOrderSort2 (0ms)
			AwakeInstancesAfterBackupRestoration (0ms)
Platform modules already initialized, skipping
Registering precompiled user dll's ...
Registered in 0.007693 seconds.
Begin MonoManager ReloadAssembly
Native extension for WindowsStandalone target not found
Native extension for WebGL target not found
Refreshing native plugins compatible for Editor in 65.23 ms, found 3 plugins.
Preloading 0 native plugins for Editor in 0.00 ms.
Mono: successfully reloaded assembly
- Completed reload, in  1.585 seconds
Domain Reload Profiling:
	ReloadAssembly (1586ms)
		BeginReloadAssembly (221ms)
			ExecutionOrderSort (0ms)
			DisableScriptedObjects (8ms)
			BackupInstance (0ms)
			ReleaseScriptingObjects (0ms)
			CreateAndSetChildDomain (24ms)
		EndReloadAssembly (1276ms)
			LoadAssemblies (143ms)
			RebuildTransferFunctionScriptingTraits (0ms)
			SetupTypeCache (418ms)
			ReleaseScriptCaches (1ms)
			RebuildScriptCaches (79ms)
			SetupLoadedEditorAssemblies (484ms)
				LogAssemblyErrors (0ms)
				InitializePlatformSupportModulesInManaged (6ms)
				SetLoadedEditorAssemblies (0ms)
				RefreshPlugins (65ms)
				BeforeProcessingInitializeOnLoad (100ms)
				ProcessInitializeOnLoadAttributes (280ms)
				ProcessInitializeOnLoadMethodAttributes (25ms)
				AfterProcessingInitializeOnLoad (7ms)
				EditorAssembliesLoaded (0ms)
			ExecutionOrderSort2 (0ms)
			AwakeInstancesAfterBackupRestoration (9ms)
Platform modules already initialized, skipping
========================================================================
Worker process is ready to serve import requests
Launched and connected shader compiler UnityShaderCompiler.exe after 0.04 seconds
Refreshing native plugins compatible for Editor in 0.86 ms, found 3 plugins.
Preloading 0 native plugins for Editor in 0.00 ms.
Unloading 2303 Unused Serialized files (Serialized files now loaded: 0)
System memory in use before: 120.5 MB.
System memory in use after: 120.6 MB.

Unloading 38 unused Assets to reduce memory usage. Loaded Objects now: 2751.
Total: 4.046600 ms (FindLiveObjects: 0.196800 ms CreateObjectMapping: 0.123000 ms MarkObjects: 3.532100 ms  DeleteObjects: 0.193200 ms)

AssetImportParameters requested are different than current active one (requested -> active):
  custom:framework-win-MediaFoundation: 216162199b28c13a410421893ffa2e32 -> 
  custom:video-decoder-ogg-theora: a1e56fd34408186e4bbccfd4996cb3dc -> 
  custom:container-muxer-webm: aa71ff27fc2769a1b78a27578f13a17b -> 
  custom:container-demuxer-webm: 4f35f7cbe854078d1ac9338744f61a02 -> 
  custom:container-demuxer-ogg: 62fdf1f143b41e24485cea50d1cbac27 -> 
  custom:video-encoder-webm-vp8: eb34c28f22e8b96e1ab97ce403110664 -> 
  custom:video-decoder-webm-vp8: 9c59270c3fd7afecdb556c50c9e8de78 -> 
  custom:audio-decoder-ogg-vorbis: bf7c407c2cedff20999df2af8eb42d56 -> 
  custom:audio-encoder-webm-vorbis: bf7c407c2cedff20999df2af8eb42d56 -> 
========================================================================
Received Import Request.
  path: Assets/Tilesets/Characters/Warrior/warrior.png
  artifactKey: Guid(bc4a5c4e6700d8040b52c192f5ffa8f7) Importer(815301076,1909f56bfc062723c751e8b465ee728b)
Start importing Assets/Tilesets/Characters/Warrior/warrior.png using Guid(bc4a5c4e6700d8040b52c192f5ffa8f7) Importer(815301076,1909f56bfc062723c751e8b465ee728b)  -> (artifact id: 'c3bc5d2266e91d1e8b8688d8d7a0e0a5') in 0.724894 seconds 
  Import took 0.730326 seconds .

========================================================================
Received Import Request.
  Time since last request: 2.528761 seconds.
  path: Assets/Resources/Char.prefab
  artifactKey: Guid(323cca08f16ad5042849be2cd39d469a) Importer(815301076,1909f56bfc062723c751e8b465ee728b)
Start importing Assets/Resources/Char.prefab using Guid(323cca08f16ad5042849be2cd39d469a) Importer(815301076,1909f56bfc062723c751e8b465ee728b)  -> (artifact id: 'cb58898bc7a490b567d84c5b2adc4591') in 0.087622 seconds 
  Import took 0.092482 seconds .

========================================================================
Received Import Request.
  Time since last request: 8.705424 seconds.
  path: Assets/Resources/Char.prefab
  artifactKey: Guid(323cca08f16ad5042849be2cd39d469a) Importer(815301076,1909f56bfc062723c751e8b465ee728b)
Start importing Assets/Resources/Char.prefab using Guid(323cca08f16ad5042849be2cd39d469a) Importer(815301076,1909f56bfc062723c751e8b465ee728b)  -> (artifact id: '3beea797fa6a076a39117c7dbb442419') in 0.018186 seconds 
  Import took 0.022914 seconds .

========================================================================
Received Import Request.
  Time since last request: 1.973260 seconds.
  path: Assets/Resources/Char.prefab
  artifactKey: Guid(323cca08f16ad5042849be2cd39d469a) Importer(815301076,1909f56bfc062723c751e8b465ee728b)
Start importing Assets/Resources/Char.prefab using Guid(323cca08f16ad5042849be2cd39d469a) Importer(815301076,1909f56bfc062723c751e8b465ee728b)  -> (artifact id: '05367738e52644f3a5cee06bf1f8212e') in 0.018119 seconds 
  Import took 0.023043 seconds .

========================================================================
Received Import Request.
  Time since last request: 10.274607 seconds.
  path: Assets/Resources/Char.prefab
  artifactKey: Guid(323cca08f16ad5042849be2cd39d469a) Importer(815301076,1909f56bfc062723c751e8b465ee728b)
Start importing Assets/Resources/Char.prefab using Guid(323cca08f16ad5042849be2cd39d469a) Importer(815301076,1909f56bfc062723c751e8b465ee728b)  -> (artifact id: 'c3b84fa697c3c450fb477b90df3f4387') in 0.017674 seconds 
  Import took 0.022436 seconds .

========================================================================
Received Import Request.
  Time since last request: 2.598245 seconds.
  path: Assets/Resources/Char.prefab
  artifactKey: Guid(323cca08f16ad5042849be2cd39d469a) Importer(815301076,1909f56bfc062723c751e8b465ee728b)
Start importing Assets/Resources/Char.prefab using Guid(323cca08f16ad5042849be2cd39d469a) Importer(815301076,1909f56bfc062723c751e8b465ee728b)  -> (artifact id: '3b1117b4452dda790e73d4fdbc81d6ab') in 0.018085 seconds 
  Import took 0.023218 seconds .

========================================================================
Received Import Request.
  Time since last request: 9.549557 seconds.
  path: Assets/Resources/Char.prefab
  artifactKey: Guid(323cca08f16ad5042849be2cd39d469a) Importer(815301076,1909f56bfc062723c751e8b465ee728b)
Start importing Assets/Resources/Char.prefab using Guid(323cca08f16ad5042849be2cd39d469a) Importer(815301076,1909f56bfc062723c751e8b465ee728b)  -> (artifact id: 'c5e46c109ca5c0cf269399cb961de5fc') in 0.017970 seconds 
  Import took 0.023094 seconds .

========================================================================
Received Import Request.
  Time since last request: 12.941074 seconds.
  path: Assets/Resources/Char.prefab
  artifactKey: Guid(323cca08f16ad5042849be2cd39d469a) Importer(815301076,1909f56bfc062723c751e8b465ee728b)
Start importing Assets/Resources/Char.prefab using Guid(323cca08f16ad5042849be2cd39d469a) Importer(815301076,1909f56bfc062723c751e8b465ee728b)  -> (artifact id: 'c6d90b962d062c98bb09eaa3bf0438e8') in 0.017563 seconds 
  Import took 0.022390 seconds .

========================================================================
Received Import Request.
  Time since last request: 11.919296 seconds.
  path: Assets/Resources/Char.prefab
  artifactKey: Guid(323cca08f16ad5042849be2cd39d469a) Importer(815301076,1909f56bfc062723c751e8b465ee728b)
Start importing Assets/Resources/Char.prefab using Guid(323cca08f16ad5042849be2cd39d469a) Importer(815301076,1909f56bfc062723c751e8b465ee728b)  -> (artifact id: 'a41e761b1bc4895d8b1b74d6e6930841') in 0.017437 seconds 
  Import took 0.022135 seconds .

========================================================================
Received Import Request.
  Time since last request: 4.490085 seconds.
  path: Assets/Resources/Char.prefab
  artifactKey: Guid(323cca08f16ad5042849be2cd39d469a) Importer(815301076,1909f56bfc062723c751e8b465ee728b)
Start importing Assets/Resources/Char.prefab using Guid(323cca08f16ad5042849be2cd39d469a) Importer(815301076,1909f56bfc062723c751e8b465ee728b)  -> (artifact id: '4ef4a3dca71be76915f299139056e54f') in 0.017605 seconds 
  Import took 0.022287 seconds .

========================================================================
Received Import Request.
  Time since last request: 10.952487 seconds.
  path: Assets/Resources/Char.prefab
  artifactKey: Guid(323cca08f16ad5042849be2cd39d469a) Importer(815301076,1909f56bfc062723c751e8b465ee728b)
Start importing Assets/Resources/Char.prefab using Guid(323cca08f16ad5042849be2cd39d469a) Importer(815301076,1909f56bfc062723c751e8b465ee728b)  -> (artifact id: 'a583f1fd2d07161e78c4113328ea9068') in 0.017279 seconds 
  Import took 0.022030 seconds .

========================================================================
Received Import Request.
  Time since last request: 6.727906 seconds.
  path: Assets/Resources/Char.prefab
  artifactKey: Guid(323cca08f16ad5042849be2cd39d469a) Importer(815301076,1909f56bfc062723c751e8b465ee728b)
Start importing Assets/Resources/Char.prefab using Guid(323cca08f16ad5042849be2cd39d469a) Importer(815301076,1909f56bfc062723c751e8b465ee728b)  -> (artifact id: 'd9aa123663b6e46d4e4ab5df7d3d29e6') in 0.017330 seconds 
  Import took 0.022081 seconds .

========================================================================
Received Prepare
Refreshing native plugins compatible for Editor in 6.87 ms, found 3 plugins.
Preloading 0 native plugins for Editor in 0.00 ms.
Unloading 25 Unused Serialized files (Serialized files now loaded: 0)
System memory in use before: 81.7 MB.
System memory in use after: 81.8 MB.

Unloading 27 unused Assets to reduce memory usage. Loaded Objects now: 2775.
Total: 4.572000 ms (FindLiveObjects: 0.200000 ms CreateObjectMapping: 0.114000 ms MarkObjects: 4.054700 ms  DeleteObjects: 0.202100 ms)

AssetImportParameters requested are different than current active one (requested -> active):
  custom:framework-win-MediaFoundation: 216162199b28c13a410421893ffa2e32 -> 
  custom:video-decoder-ogg-theora: a1e56fd34408186e4bbccfd4996cb3dc -> 
  custom:container-muxer-webm: aa71ff27fc2769a1b78a27578f13a17b -> 
  custom:container-demuxer-webm: 4f35f7cbe854078d1ac9338744f61a02 -> 
  custom:container-demuxer-ogg: 62fdf1f143b41e24485cea50d1cbac27 -> 
  custom:video-encoder-webm-vp8: eb34c28f22e8b96e1ab97ce403110664 -> 
  custom:video-decoder-webm-vp8: 9c59270c3fd7afecdb556c50c9e8de78 -> 
  custom:audio-decoder-ogg-vorbis: bf7c407c2cedff20999df2af8eb42d56 -> 
  custom:audio-encoder-webm-vorbis: bf7c407c2cedff20999df2af8eb42d56 -> 
========================================================================
Received Prepare
Refreshing native plugins compatible for Editor in 7.39 ms, found 3 plugins.
Preloading 0 native plugins for Editor in 0.00 ms.
Unloading 25 Unused Serialized files (Serialized files now loaded: 0)
System memory in use before: 81.8 MB.
System memory in use after: 81.8 MB.

Unloading 25 unused Assets to reduce memory usage. Loaded Objects now: 2775.
Total: 5.434600 ms (FindLiveObjects: 0.228000 ms CreateObjectMapping: 0.114300 ms MarkObjects: 4.894700 ms  DeleteObjects: 0.196300 ms)

AssetImportParameters requested are different than current active one (requested -> active):
  custom:framework-win-MediaFoundation: 216162199b28c13a410421893ffa2e32 -> 
  custom:video-decoder-ogg-theora: a1e56fd34408186e4bbccfd4996cb3dc -> 
  custom:container-muxer-webm: aa71ff27fc2769a1b78a27578f13a17b -> 
  custom:container-demuxer-webm: 4f35f7cbe854078d1ac9338744f61a02 -> 
  custom:container-demuxer-ogg: 62fdf1f143b41e24485cea50d1cbac27 -> 
  custom:video-encoder-webm-vp8: eb34c28f22e8b96e1ab97ce403110664 -> 
  custom:video-decoder-webm-vp8: 9c59270c3fd7afecdb556c50c9e8de78 -> 
  custom:audio-decoder-ogg-vorbis: bf7c407c2cedff20999df2af8eb42d56 -> 
  custom:audio-encoder-webm-vorbis: bf7c407c2cedff20999df2af8eb42d56 -> 
========================================================================
Received Prepare
Refreshing native plugins compatible for Editor in 6.70 ms, found 3 plugins.
Preloading 0 native plugins for Editor in 0.00 ms.
Unloading 25 Unused Serialized files (Serialized files now loaded: 0)
System memory in use before: 81.8 MB.
System memory in use after: 81.9 MB.

Unloading 25 unused Assets to reduce memory usage. Loaded Objects now: 2775.
Total: 4.735400 ms (FindLiveObjects: 0.209100 ms CreateObjectMapping: 0.114400 ms MarkObjects: 4.201900 ms  DeleteObjects: 0.208600 ms)

AssetImportParameters requested are different than current active one (requested -> active):
  custom:framework-win-MediaFoundation: 216162199b28c13a410421893ffa2e32 -> 
  custom:video-decoder-ogg-theora: a1e56fd34408186e4bbccfd4996cb3dc -> 
  custom:container-muxer-webm: aa71ff27fc2769a1b78a27578f13a17b -> 
  custom:container-demuxer-webm: 4f35f7cbe854078d1ac9338744f61a02 -> 
  custom:container-demuxer-ogg: 62fdf1f143b41e24485cea50d1cbac27 -> 
  custom:video-encoder-webm-vp8: eb34c28f22e8b96e1ab97ce403110664 -> 
  custom:video-decoder-webm-vp8: 9c59270c3fd7afecdb556c50c9e8de78 -> 
  custom:audio-decoder-ogg-vorbis: bf7c407c2cedff20999df2af8eb42d56 -> 
  custom:audio-encoder-webm-vorbis: bf7c407c2cedff20999df2af8eb42d56 -> 
========================================================================
Received Import Request.
  Time since last request: 5665.553591 seconds.
  path: Assets/Tilesets/Colliders/Colliders.png
  artifactKey: Guid(71394010928445e4188849c9d9861b91) Importer(815301076,1909f56bfc062723c751e8b465ee728b)
Start importing Assets/Tilesets/Colliders/Colliders.png using Guid(71394010928445e4188849c9d9861b91) Importer(815301076,1909f56bfc062723c751e8b465ee728b)  -> (artifact id: 'ac8dbc4ce860844da4ad3ed932c7a15c') in 0.013297 seconds 
  Import took 0.018249 seconds .

========================================================================
Received Import Request.
  Time since last request: 13.911328 seconds.
  path: Assets/Tilesets/Colliders/Colliders.png
  artifactKey: Guid(71394010928445e4188849c9d9861b91) Importer(815301076,1909f56bfc062723c751e8b465ee728b)
Start importing Assets/Tilesets/Colliders/Colliders.png using Guid(71394010928445e4188849c9d9861b91) Importer(815301076,1909f56bfc062723c751e8b465ee728b)  -> (artifact id: '4e625c7f81fb1960e76d01a5e45d834b') in 0.008461 seconds 
  Import took 0.013144 seconds .

========================================================================
Received Import Request.
  Time since last request: 18.307446 seconds.
  path: Assets/Tilesets/Colliders/Colliders.png
  artifactKey: Guid(71394010928445e4188849c9d9861b91) Importer(815301076,1909f56bfc062723c751e8b465ee728b)
Start importing Assets/Tilesets/Colliders/Colliders.png using Guid(71394010928445e4188849c9d9861b91) Importer(815301076,1909f56bfc062723c751e8b465ee728b)  -> (artifact id: 'd9d1b6c7d4fef0b3d68cc9ab5a757795') in 0.024793 seconds 
  Import took 0.029454 seconds .

========================================================================
Received Import Request.
  Time since last request: 19.452863 seconds.
  path: Assets/Tilesets/Colliders
  artifactKey: Guid(f566a45f83fa0d24e8ed0644c27e2a12) Importer(815301076,1909f56bfc062723c751e8b465ee728b)
Start importing Assets/Tilesets/Colliders using Guid(f566a45f83fa0d24e8ed0644c27e2a12) Importer(815301076,1909f56bfc062723c751e8b465ee728b)  -> (artifact id: 'c35ddd7b266134e6c068e0786d4ab326') in 0.002238 seconds 
  Import took 0.006235 seconds .

========================================================================
Received Import Request.
  Time since last request: 191.225889 seconds.
  path: Assets/Pallets/Ground.prefab
  artifactKey: Guid(e30a83e312c93c64e98dc0e4abc176e6) Importer(815301076,1909f56bfc062723c751e8b465ee728b)
Start importing Assets/Pallets/Ground.prefab using Guid(e30a83e312c93c64e98dc0e4abc176e6) Importer(815301076,1909f56bfc062723c751e8b465ee728b)  -> (artifact id: 'd425ede330564baf1a1249cfcb0f4c2c') in 0.039929 seconds 
  Import took 0.045014 seconds .

========================================================================
Received Import Request.
  Time since last request: 7.761370 seconds.
  path: Assets/Pallets/Ground.prefab
  artifactKey: Guid(e30a83e312c93c64e98dc0e4abc176e6) Importer(815301076,1909f56bfc062723c751e8b465ee728b)
Start importing Assets/Pallets/Ground.prefab using Guid(e30a83e312c93c64e98dc0e4abc176e6) Importer(815301076,1909f56bfc062723c751e8b465ee728b)  -> (artifact id: '15d47bd421e04851207bd5a06df8ecae') in 0.026954 seconds 
  Import took 0.031874 seconds .

========================================================================
Received Import Request.
  Time since last request: 2.390506 seconds.
  path: Assets/Pallets/Ground.prefab
  artifactKey: Guid(e30a83e312c93c64e98dc0e4abc176e6) Importer(815301076,1909f56bfc062723c751e8b465ee728b)
Start importing Assets/Pallets/Ground.prefab using Guid(e30a83e312c93c64e98dc0e4abc176e6) Importer(815301076,1909f56bfc062723c751e8b465ee728b)  -> (artifact id: '8157bcb3a24c8deb6ca36837934b04ee') in 0.027334 seconds 
  Import took 0.032578 seconds .

========================================================================
Received Import Request.
  Time since last request: 4.970590 seconds.
  path: Assets/Pallets/Ground.prefab
  artifactKey: Guid(e30a83e312c93c64e98dc0e4abc176e6) Importer(815301076,1909f56bfc062723c751e8b465ee728b)
Start importing Assets/Pallets/Ground.prefab using Guid(e30a83e312c93c64e98dc0e4abc176e6) Importer(815301076,1909f56bfc062723c751e8b465ee728b)  -> (artifact id: '3c21579a3c17eb184ec3b58fb42455f9') in 0.026953 seconds 
  Import took 0.032058 seconds .

========================================================================
Received Import Request.
  Time since last request: 11.077811 seconds.
  path: Assets/Pallets/Ground.prefab
  artifactKey: Guid(e30a83e312c93c64e98dc0e4abc176e6) Importer(815301076,1909f56bfc062723c751e8b465ee728b)
Start importing Assets/Pallets/Ground.prefab using Guid(e30a83e312c93c64e98dc0e4abc176e6) Importer(815301076,1909f56bfc062723c751e8b465ee728b)  -> (artifact id: 'f2cf101b6e2386c4864ef1bafb27b8ea') in 0.027513 seconds 
  Import took 0.032648 seconds .

========================================================================
Received Import Request.
  Time since last request: 60.660213 seconds.
  path: Assets/Pallets/Ground.prefab
  artifactKey: Guid(e30a83e312c93c64e98dc0e4abc176e6) Importer(815301076,1909f56bfc062723c751e8b465ee728b)
Start importing Assets/Pallets/Ground.prefab using Guid(e30a83e312c93c64e98dc0e4abc176e6) Importer(815301076,1909f56bfc062723c751e8b465ee728b)  -> (artifact id: 'a0f04fb4839c924044529e902afd6e49') in 0.027110 seconds 
  Import took 0.032218 seconds .

========================================================================
Received Import Request.
  Time since last request: 10.518318 seconds.
  path: Assets/Pallets/Ground.prefab
  artifactKey: Guid(e30a83e312c93c64e98dc0e4abc176e6) Importer(815301076,1909f56bfc062723c751e8b465ee728b)
Start importing Assets/Pallets/Ground.prefab using Guid(e30a83e312c93c64e98dc0e4abc176e6) Importer(815301076,1909f56bfc062723c751e8b465ee728b)  -> (artifact id: 'd0cedb7c53abdac6d1987ff221e707f0') in 0.026658 seconds 
  Import took 0.031584 seconds .

========================================================================
Received Import Request.
  Time since last request: 14.778929 seconds.
  path: Assets/Pallets/Ground.prefab
  artifactKey: Guid(e30a83e312c93c64e98dc0e4abc176e6) Importer(815301076,1909f56bfc062723c751e8b465ee728b)
Start importing Assets/Pallets/Ground.prefab using Guid(e30a83e312c93c64e98dc0e4abc176e6) Importer(815301076,1909f56bfc062723c751e8b465ee728b)  -> (artifact id: '2c93a8c76ce2eac81ee563244623725f') in 0.026754 seconds 
  Import took 0.031809 seconds .

========================================================================
Received Import Request.
  Time since last request: 6.877568 seconds.
  path: Assets/Pallets/Ground.prefab
  artifactKey: Guid(e30a83e312c93c64e98dc0e4abc176e6) Importer(815301076,1909f56bfc062723c751e8b465ee728b)
Start importing Assets/Pallets/Ground.prefab using Guid(e30a83e312c93c64e98dc0e4abc176e6) Importer(815301076,1909f56bfc062723c751e8b465ee728b)  -> (artifact id: '1f2234a0091d1050888b0dae819531ed') in 0.025658 seconds 
  Import took 0.030670 seconds .

========================================================================
Received Import Request.
  Time since last request: 4.235673 seconds.
  path: Assets/Pallets/Ground.prefab
  artifactKey: Guid(e30a83e312c93c64e98dc0e4abc176e6) Importer(815301076,1909f56bfc062723c751e8b465ee728b)
Start importing Assets/Pallets/Ground.prefab using Guid(e30a83e312c93c64e98dc0e4abc176e6) Importer(815301076,1909f56bfc062723c751e8b465ee728b)  -> (artifact id: '8418841eecf6535f7590b1da9d7c131f') in 0.026591 seconds 
  Import took 0.031616 seconds .

========================================================================
Received Import Request.
  Time since last request: 17.423038 seconds.
  path: Assets/Pallets/Ground.prefab
  artifactKey: Guid(e30a83e312c93c64e98dc0e4abc176e6) Importer(815301076,1909f56bfc062723c751e8b465ee728b)
Start importing Assets/Pallets/Ground.prefab using Guid(e30a83e312c93c64e98dc0e4abc176e6) Importer(815301076,1909f56bfc062723c751e8b465ee728b)  -> (artifact id: '564447764068ed5aae2a05e3366aead1') in 0.026302 seconds 
  Import took 0.031368 seconds .

========================================================================
Received Import Request.
  Time since last request: 21.867201 seconds.
  path: Assets/Pallets/Ground.prefab
  artifactKey: Guid(e30a83e312c93c64e98dc0e4abc176e6) Importer(815301076,1909f56bfc062723c751e8b465ee728b)
Start importing Assets/Pallets/Ground.prefab using Guid(e30a83e312c93c64e98dc0e4abc176e6) Importer(815301076,1909f56bfc062723c751e8b465ee728b)  -> (artifact id: '7ba6220e034d7ddc9abe04ca3dfeb742') in 0.028259 seconds 
  Import took 0.033563 seconds .

========================================================================
Received Import Request.
  Time since last request: 4.818894 seconds.
  path: Assets/Pallets/Ground.prefab
  artifactKey: Guid(e30a83e312c93c64e98dc0e4abc176e6) Importer(815301076,1909f56bfc062723c751e8b465ee728b)
Start importing Assets/Pallets/Ground.prefab using Guid(e30a83e312c93c64e98dc0e4abc176e6) Importer(815301076,1909f56bfc062723c751e8b465ee728b)  -> (artifact id: '280b20e474448210aa20a88f0315c0fa') in 0.025645 seconds 
  Import took 0.030662 seconds .

========================================================================
Received Import Request.
  Time since last request: 26.796871 seconds.
  path: Assets/Pallets/Ground.prefab
  artifactKey: Guid(e30a83e312c93c64e98dc0e4abc176e6) Importer(815301076,1909f56bfc062723c751e8b465ee728b)
Start importing Assets/Pallets/Ground.prefab using Guid(e30a83e312c93c64e98dc0e4abc176e6) Importer(815301076,1909f56bfc062723c751e8b465ee728b)  -> (artifact id: '14475d9f36721f6c303f0961be6e916a') in 0.026479 seconds 
  Import took 0.031512 seconds .

========================================================================
Received Import Request.
  Time since last request: 3.835436 seconds.
  path: Assets/Pallets/Ground.prefab
  artifactKey: Guid(e30a83e312c93c64e98dc0e4abc176e6) Importer(815301076,1909f56bfc062723c751e8b465ee728b)
Start importing Assets/Pallets/Ground.prefab using Guid(e30a83e312c93c64e98dc0e4abc176e6) Importer(815301076,1909f56bfc062723c751e8b465ee728b)  -> (artifact id: '0f59c5b9c5d8460391ddf22fe25f5439') in 0.026022 seconds 
  Import took 0.031054 seconds .

========================================================================
Received Import Request.
  Time since last request: 7.004874 seconds.
  path: Assets/Pallets/Colliders/Colliders_0.asset
  artifactKey: Guid(e7f1dd589a8a5464a8ba0fad49a733ff) Importer(815301076,1909f56bfc062723c751e8b465ee728b)
Start importing Assets/Pallets/Colliders/Colliders_0.asset using Guid(e7f1dd589a8a5464a8ba0fad49a733ff) Importer(815301076,1909f56bfc062723c751e8b465ee728b)  -> (artifact id: 'b4ecdefa5d228861ca5ae74c77ec7fb7') in 0.025764 seconds 
  Import took 0.030082 seconds .

========================================================================
Received Import Request.
  Time since last request: 0.000342 seconds.
  path: Assets/Pallets/Colliders/Colliders_4.asset
  artifactKey: Guid(e7f529a9e5e30384f8e207c872ab07bb) Importer(815301076,1909f56bfc062723c751e8b465ee728b)
Start importing Assets/Pallets/Colliders/Colliders_4.asset using Guid(e7f529a9e5e30384f8e207c872ab07bb) Importer(815301076,1909f56bfc062723c751e8b465ee728b)  -> (artifact id: 'dc1029ce8f892a57a65831679c964ff7') in 0.007878 seconds 
  Import took 0.011115 seconds .

========================================================================
Received Import Request.
  Time since last request: 0.000295 seconds.
  path: Assets/Pallets/Colliders/Colliders_1.asset
  artifactKey: Guid(85dc88988087e034dabca66b11cbe234) Importer(815301076,1909f56bfc062723c751e8b465ee728b)
Start importing Assets/Pallets/Colliders/Colliders_1.asset using Guid(85dc88988087e034dabca66b11cbe234) Importer(815301076,1909f56bfc062723c751e8b465ee728b)  -> (artifact id: '41cab9337c3853c2c5f63dcbe422be56') in 0.007116 seconds 
  Import took 0.010790 seconds .

========================================================================
Received Import Request.
  Time since last request: 0.000309 seconds.
  path: Assets/Pallets/Colliders/Colliders_2.asset
  artifactKey: Guid(a64d46691f547604baf5e942f5ec273b) Importer(815301076,1909f56bfc062723c751e8b465ee728b)
Start importing Assets/Pallets/Colliders/Colliders_2.asset using Guid(a64d46691f547604baf5e942f5ec273b) Importer(815301076,1909f56bfc062723c751e8b465ee728b)  -> (artifact id: '47878370cfee2121e4f49e83957b0b3a') in 0.006787 seconds 
  Import took 0.009951 seconds .

========================================================================
Received Import Request.
  Time since last request: 0.000375 seconds.
  path: Assets/Pallets/Colliders/Colliders_5.asset
  artifactKey: Guid(8e9249dd80ccb4c489a1e0068f16b6fe) Importer(815301076,1909f56bfc062723c751e8b465ee728b)
Start importing Assets/Pallets/Colliders/Colliders_5.asset using Guid(8e9249dd80ccb4c489a1e0068f16b6fe) Importer(815301076,1909f56bfc062723c751e8b465ee728b)  -> (artifact id: 'a0e6bb552baf9b5c468c53a904d4982d') in 0.007496 seconds 
  Import took 0.011007 seconds .

========================================================================
Received Import Request.
  Time since last request: 0.000333 seconds.
  path: Assets/Pallets/Colliders/Colliders_3.asset
  artifactKey: Guid(f18ad86a9424f044f8f1232445a729bb) Importer(815301076,1909f56bfc062723c751e8b465ee728b)
Start importing Assets/Pallets/Colliders/Colliders_3.asset using Guid(f18ad86a9424f044f8f1232445a729bb) Importer(815301076,1909f56bfc062723c751e8b465ee728b)  -> (artifact id: '47ae9638bf7f3327d3e00b16888b513a') in 0.008100 seconds 
  Import took 0.011772 seconds .

========================================================================
Received Import Request.
  Time since last request: 182.009271 seconds.
  path: Assets/Pallets/Colliders
  artifactKey: Guid(a5eadc5e95fde4b4ca97a6b0bbd6805b) Importer(815301076,1909f56bfc062723c751e8b465ee728b)
Start importing Assets/Pallets/Colliders using Guid(a5eadc5e95fde4b4ca97a6b0bbd6805b) Importer(815301076,1909f56bfc062723c751e8b465ee728b)  -> (artifact id: '4ab0ebdb3dd7f4424cc15b41be2908a7') in 0.002245 seconds 
  Import took 0.006228 seconds .

========================================================================
Received Import Request.
  Time since last request: 66.835256 seconds.
  path: Assets/Tilesets/Colliders/Colliders.png
  artifactKey: Guid(71394010928445e4188849c9d9861b91) Importer(815301076,1909f56bfc062723c751e8b465ee728b)
Start importing Assets/Tilesets/Colliders/Colliders.png using Guid(71394010928445e4188849c9d9861b91) Importer(815301076,1909f56bfc062723c751e8b465ee728b)  -> (artifact id: '7c95aa74be22e9e2bee68987f33dd77a') in 0.023458 seconds 
  Import took 0.027952 seconds .

========================================================================
Received Import Request.
  Time since last request: 62.221089 seconds.
  path: Assets/Tilesets/Colliders/Colliders.png
  artifactKey: Guid(71394010928445e4188849c9d9861b91) Importer(815301076,1909f56bfc062723c751e8b465ee728b)
Start importing Assets/Tilesets/Colliders/Colliders.png using Guid(71394010928445e4188849c9d9861b91) Importer(815301076,1909f56bfc062723c751e8b465ee728b)  -> (artifact id: '16c77869f6419ead55d80f8536e7b2b2') in 0.022540 seconds 
  Import took 0.026942 seconds .

========================================================================
Received Import Request.
  Time since last request: 15.695722 seconds.
  path: Assets/Tilesets/Colliders/Colliders.png
  artifactKey: Guid(71394010928445e4188849c9d9861b91) Importer(815301076,1909f56bfc062723c751e8b465ee728b)
Start importing Assets/Tilesets/Colliders/Colliders.png using Guid(71394010928445e4188849c9d9861b91) Importer(815301076,1909f56bfc062723c751e8b465ee728b)  -> (artifact id: '0fe67ef69d48dcc4a8a5816ff4ea172c') in 0.019563 seconds 
  Import took 0.024084 seconds .

========================================================================
Received Import Request.
  Time since last request: 110.802534 seconds.
  path: Assets/Tilesets/Colliders/Colliders.png
  artifactKey: Guid(71394010928445e4188849c9d9861b91) Importer(815301076,1909f56bfc062723c751e8b465ee728b)
Start importing Assets/Tilesets/Colliders/Colliders.png using Guid(71394010928445e4188849c9d9861b91) Importer(815301076,1909f56bfc062723c751e8b465ee728b)  -> (artifact id: '640dbd24c78fcdbf1edb8264003da7c3') in 0.017985 seconds 
  Import took 0.022500 seconds .

========================================================================
Received Import Request.
  Time since last request: 12.973441 seconds.
  path: Assets/Tilesets/Colliders/Colliders.png
  artifactKey: Guid(71394010928445e4188849c9d9861b91) Importer(815301076,1909f56bfc062723c751e8b465ee728b)
Start importing Assets/Tilesets/Colliders/Colliders.png using Guid(71394010928445e4188849c9d9861b91) Importer(815301076,1909f56bfc062723c751e8b465ee728b)  -> (artifact id: '1f2ce1d05e72f8b4a51c73df46858fbe') in 0.018216 seconds 
  Import took 0.022609 seconds .

========================================================================
Received Import Request.
  Time since last request: 64.421382 seconds.
  path: Assets/Tilesets/Colliders/Colliders.png
  artifactKey: Guid(71394010928445e4188849c9d9861b91) Importer(815301076,1909f56bfc062723c751e8b465ee728b)
Start importing Assets/Tilesets/Colliders/Colliders.png using Guid(71394010928445e4188849c9d9861b91) Importer(815301076,1909f56bfc062723c751e8b465ee728b)  -> (artifact id: 'cea66dcbb6d725daf3f89383cfeba3e3') in 0.017884 seconds 
  Import took 0.022264 seconds .

========================================================================
Received Import Request.
  Time since last request: 42.447541 seconds.
  path: Assets/Tilesets/Colliders/Colliders.png
  artifactKey: Guid(71394010928445e4188849c9d9861b91) Importer(815301076,1909f56bfc062723c751e8b465ee728b)
Start importing Assets/Tilesets/Colliders/Colliders.png using Guid(71394010928445e4188849c9d9861b91) Importer(815301076,1909f56bfc062723c751e8b465ee728b)  -> (artifact id: '4c79c5579d367a1c445005a48b6506d8') in 0.019102 seconds 
  Import took 0.023673 seconds .

========================================================================
Received Import Request.
  Time since last request: 273.143207 seconds.
  path: Assets/Tilesets/Colliders/Colliders.png
  artifactKey: Guid(71394010928445e4188849c9d9861b91) Importer(815301076,1909f56bfc062723c751e8b465ee728b)
Start importing Assets/Tilesets/Colliders/Colliders.png using Guid(71394010928445e4188849c9d9861b91) Importer(815301076,1909f56bfc062723c751e8b465ee728b)  -> (artifact id: 'ccaff3306617c2ce407fb8a64deaefc1') in 0.018342 seconds 
  Import took 0.022775 seconds .

========================================================================
Received Import Request.
  Time since last request: 34.388926 seconds.
  path: Assets/Tilesets/Colliders/Colliders.png
  artifactKey: Guid(71394010928445e4188849c9d9861b91) Importer(815301076,1909f56bfc062723c751e8b465ee728b)
Start importing Assets/Tilesets/Colliders/Colliders.png using Guid(71394010928445e4188849c9d9861b91) Importer(815301076,1909f56bfc062723c751e8b465ee728b)  -> (artifact id: 'dd79b05c67b1c9b0be847f0e53c28fb9') in 0.023258 seconds 
  Import took 0.027754 seconds .

========================================================================
Received Import Request.
  Time since last request: 46.682306 seconds.
  path: Assets/Tilesets/Colliders/Colliders.png
  artifactKey: Guid(71394010928445e4188849c9d9861b91) Importer(815301076,1909f56bfc062723c751e8b465ee728b)
Start importing Assets/Tilesets/Colliders/Colliders.png using Guid(71394010928445e4188849c9d9861b91) Importer(815301076,1909f56bfc062723c751e8b465ee728b)  -> (artifact id: '1dd75180d4911d2f07406c7145b72a7e') in 0.024836 seconds 
  Import took 0.029403 seconds .

========================================================================
Received Import Request.
  Time since last request: 28.565767 seconds.
  path: Assets/Tilesets/Colliders/Colliders.png
  artifactKey: Guid(71394010928445e4188849c9d9861b91) Importer(815301076,1909f56bfc062723c751e8b465ee728b)
Start importing Assets/Tilesets/Colliders/Colliders.png using Guid(71394010928445e4188849c9d9861b91) Importer(815301076,1909f56bfc062723c751e8b465ee728b)  -> (artifact id: '439e6648806cce465a4beb352b4b188c') in 0.024884 seconds 
  Import took 0.029526 seconds .

========================================================================
Received Import Request.
  Time since last request: 21.158828 seconds.
  path: Assets/Tilesets/Colliders/Colliders.png
  artifactKey: Guid(71394010928445e4188849c9d9861b91) Importer(815301076,1909f56bfc062723c751e8b465ee728b)
Start importing Assets/Tilesets/Colliders/Colliders.png using Guid(71394010928445e4188849c9d9861b91) Importer(815301076,1909f56bfc062723c751e8b465ee728b)  -> (artifact id: 'a4dca98b60c27d761e0f0e0f006950f4') in 0.023494 seconds 
  Import took 0.027954 seconds .

========================================================================
Received Import Request.
  Time since last request: 11.562282 seconds.
  path: Assets/Tilesets/Colliders/Colliders.png
  artifactKey: Guid(71394010928445e4188849c9d9861b91) Importer(815301076,1909f56bfc062723c751e8b465ee728b)
Start importing Assets/Tilesets/Colliders/Colliders.png using Guid(71394010928445e4188849c9d9861b91) Importer(815301076,1909f56bfc062723c751e8b465ee728b)  -> (artifact id: 'c34bd0922a6841a74e4f0b94bae667ee') in 0.025109 seconds 
  Import took 0.029633 seconds .

========================================================================
Received Import Request.
  Time since last request: 26.082507 seconds.
  path: Assets/Tilesets/Colliders/Colliders.png
  artifactKey: Guid(71394010928445e4188849c9d9861b91) Importer(815301076,1909f56bfc062723c751e8b465ee728b)
Start importing Assets/Tilesets/Colliders/Colliders.png using Guid(71394010928445e4188849c9d9861b91) Importer(815301076,1909f56bfc062723c751e8b465ee728b)  -> (artifact id: '9f3296cd2aa24370b42035cfecc46251') in 0.023867 seconds 
  Import took 0.028436 seconds .

========================================================================
Received Import Request.
  Time since last request: 44.022007 seconds.
  path: Assets/Tilesets/Colliders/Colliders.png
  artifactKey: Guid(71394010928445e4188849c9d9861b91) Importer(815301076,1909f56bfc062723c751e8b465ee728b)
Start importing Assets/Tilesets/Colliders/Colliders.png using Guid(71394010928445e4188849c9d9861b91) Importer(815301076,1909f56bfc062723c751e8b465ee728b)  -> (artifact id: 'e3ff674cf6129b1210d0f68c7940bdd1') in 0.023791 seconds 
  Import took 0.028307 seconds .

========================================================================
Received Import Request.
  Time since last request: 73.403584 seconds.
  path: Assets/Tilesets/Colliders/Colliders.png
  artifactKey: Guid(71394010928445e4188849c9d9861b91) Importer(815301076,1909f56bfc062723c751e8b465ee728b)
Start importing Assets/Tilesets/Colliders/Colliders.png using Guid(71394010928445e4188849c9d9861b91) Importer(815301076,1909f56bfc062723c751e8b465ee728b)  -> (artifact id: '70c6516df249489b4a7496262abeacb7') in 0.023643 seconds 
  Import took 0.028782 seconds .

========================================================================
Received Import Request.
  Time since last request: 6.012508 seconds.
  path: Assets/Tilesets/Colliders/Colliders.png
  artifactKey: Guid(71394010928445e4188849c9d9861b91) Importer(815301076,1909f56bfc062723c751e8b465ee728b)
Start importing Assets/Tilesets/Colliders/Colliders.png using Guid(71394010928445e4188849c9d9861b91) Importer(815301076,1909f56bfc062723c751e8b465ee728b)  -> (artifact id: '585b533cbf7debf0cfc5308a05edccd0') in 0.024553 seconds 
  Import took 0.029071 seconds .

========================================================================
Received Import Request.
  Time since last request: 26.381260 seconds.
  path: Assets/Tilesets/Colliders/Colliders.png
  artifactKey: Guid(71394010928445e4188849c9d9861b91) Importer(815301076,1909f56bfc062723c751e8b465ee728b)
Start importing Assets/Tilesets/Colliders/Colliders.png using Guid(71394010928445e4188849c9d9861b91) Importer(815301076,1909f56bfc062723c751e8b465ee728b)  -> (artifact id: '794e72c5c28fe0f199b5b7fae61b37f9') in 0.027337 seconds 
  Import took 0.031825 seconds .

========================================================================
Received Import Request.
  Time since last request: 74.738545 seconds.
  path: Assets/Tilesets/Colliders/Colliders.png
  artifactKey: Guid(71394010928445e4188849c9d9861b91) Importer(815301076,1909f56bfc062723c751e8b465ee728b)
Start importing Assets/Tilesets/Colliders/Colliders.png using Guid(71394010928445e4188849c9d9861b91) Importer(815301076,1909f56bfc062723c751e8b465ee728b)  -> (artifact id: '8020ca114c30a19d651369e826ea14c9') in 0.023773 seconds 
  Import took 0.028389 seconds .

========================================================================
Received Import Request.
  Time since last request: 80.227750 seconds.
  path: Assets/Tilesets/Colliders/Colliders.png
  artifactKey: Guid(71394010928445e4188849c9d9861b91) Importer(815301076,1909f56bfc062723c751e8b465ee728b)
Start importing Assets/Tilesets/Colliders/Colliders.png using Guid(71394010928445e4188849c9d9861b91) Importer(815301076,1909f56bfc062723c751e8b465ee728b)  -> (artifact id: '025fbbe5a01429cbe45eed6bc80d0e8e') in 0.023251 seconds 
  Import took 0.027843 seconds .

========================================================================
Received Import Request.
  Time since last request: 6.719628 seconds.
  path: Assets/Tilesets/Colliders/Colliders.png
  artifactKey: Guid(71394010928445e4188849c9d9861b91) Importer(815301076,1909f56bfc062723c751e8b465ee728b)
Start importing Assets/Tilesets/Colliders/Colliders.png using Guid(71394010928445e4188849c9d9861b91) Importer(815301076,1909f56bfc062723c751e8b465ee728b)  -> (artifact id: 'b8ab7f3ffd160315d8c08be1f0434881') in 0.022612 seconds 
  Import took 0.027115 seconds .

========================================================================
Received Import Request.
  Time since last request: 70.560501 seconds.
  path: Assets/Tilesets/Colliders/Colliders.png
  artifactKey: Guid(71394010928445e4188849c9d9861b91) Importer(815301076,1909f56bfc062723c751e8b465ee728b)
Start importing Assets/Tilesets/Colliders/Colliders.png using Guid(71394010928445e4188849c9d9861b91) Importer(815301076,1909f56bfc062723c751e8b465ee728b)  -> (artifact id: '555d3079b8898ef434f45ebd35950fc6') in 0.023076 seconds 
  Import took 0.027710 seconds .

========================================================================
Received Import Request.
  Time since last request: 35.389364 seconds.
  path: Assets/Tilesets/Colliders/Colliders_0.asset
  artifactKey: Guid(2d2ef0aef9e445b4b8c8cbee474fd725) Importer(815301076,1909f56bfc062723c751e8b465ee728b)
Start importing Assets/Tilesets/Colliders/Colliders_0.asset using Guid(2d2ef0aef9e445b4b8c8cbee474fd725) Importer(815301076,1909f56bfc062723c751e8b465ee728b)  -> (artifact id: 'f9e234418c9b2d15eb94cc668cd651e2') in 0.007729 seconds 
  Import took 0.012014 seconds .

========================================================================
Received Import Request.
  Time since last request: 0.000251 seconds.
  path: Assets/Tilesets/Colliders/Colliders_5.asset
  artifactKey: Guid(ed5d4b48da3df3a4ab3d8de153662448) Importer(815301076,1909f56bfc062723c751e8b465ee728b)
Start importing Assets/Tilesets/Colliders/Colliders_5.asset using Guid(ed5d4b48da3df3a4ab3d8de153662448) Importer(815301076,1909f56bfc062723c751e8b465ee728b)  -> (artifact id: '1fe8e840ba79ac4ee6b2b66d2815f2a9') in 0.007772 seconds 
  Import took 0.011429 seconds .

========================================================================
Received Import Request.
  Time since last request: 0.000288 seconds.
  path: Assets/Tilesets/Colliders/Colliders_2.asset
  artifactKey: Guid(5bced328620b28741b98a7c73a5b44a7) Importer(815301076,1909f56bfc062723c751e8b465ee728b)
Start importing Assets/Tilesets/Colliders/Colliders_2.asset using Guid(5bced328620b28741b98a7c73a5b44a7) Importer(815301076,1909f56bfc062723c751e8b465ee728b)  -> (artifact id: '08afebee08a334dd07c4cb923cc28849') in 0.007753 seconds 
  Import took 0.011370 seconds .

========================================================================
Received Import Request.
  Time since last request: 0.000269 seconds.
  path: Assets/Tilesets/Colliders/Colliders_4.asset
  artifactKey: Guid(acae5afc06c5fe44889b01f42463899e) Importer(815301076,1909f56bfc062723c751e8b465ee728b)
Start importing Assets/Tilesets/Colliders/Colliders_4.asset using Guid(acae5afc06c5fe44889b01f42463899e) Importer(815301076,1909f56bfc062723c751e8b465ee728b)  -> (artifact id: 'cca82964942b0992a839f9c2d965be2b') in 0.007098 seconds 
  Import took 0.010595 seconds .

========================================================================
Received Import Request.
  Time since last request: 0.000238 seconds.
  path: Assets/Tilesets/Colliders/Colliders_1.asset
  artifactKey: Guid(911378a762079b0469fa4376b43adfcf) Importer(815301076,1909f56bfc062723c751e8b465ee728b)
Start importing Assets/Tilesets/Colliders/Colliders_1.asset using Guid(911378a762079b0469fa4376b43adfcf) Importer(815301076,1909f56bfc062723c751e8b465ee728b)  -> (artifact id: 'abe1a3cbd80ecac06134a74d4e029d46') in 0.007427 seconds 
  Import took 0.011197 seconds .

========================================================================
Received Import Request.
  Time since last request: 0.000269 seconds.
  path: Assets/Tilesets/Colliders/Colliders_3.asset
  artifactKey: Guid(bcc9dbee05975804eb30590f09a6c10f) Importer(815301076,1909f56bfc062723c751e8b465ee728b)
Start importing Assets/Tilesets/Colliders/Colliders_3.asset using Guid(bcc9dbee05975804eb30590f09a6c10f) Importer(815301076,1909f56bfc062723c751e8b465ee728b)  -> (artifact id: '98c12cb37ef5a98d90cafa152a67b0bb') in 0.007451 seconds 
  Import took 0.011148 seconds .

========================================================================
Received Import Request.
  Time since last request: 137.432255 seconds.
  path: Assets/Tilesets/Colliders/Colliders.png
  artifactKey: Guid(71394010928445e4188849c9d9861b91) Importer(815301076,1909f56bfc062723c751e8b465ee728b)
Start importing Assets/Tilesets/Colliders/Colliders.png using Guid(71394010928445e4188849c9d9861b91) Importer(815301076,1909f56bfc062723c751e8b465ee728b)  -> (artifact id: 'e32a01a3d66c42b003d675d4c50e9ef2') in 0.023748 seconds 
  Import took 0.028292 seconds .

========================================================================
Received Import Request.
  Time since last request: 7.735022 seconds.
  path: Assets/Tilesets/Colliders/Colliders.png
  artifactKey: Guid(71394010928445e4188849c9d9861b91) Importer(815301076,1909f56bfc062723c751e8b465ee728b)
Start importing Assets/Tilesets/Colliders/Colliders.png using Guid(71394010928445e4188849c9d9861b91) Importer(815301076,1909f56bfc062723c751e8b465ee728b)  -> (artifact id: 'b08379f7954dcf5ed54b8ee73618fbc9') in 0.024155 seconds 
  Import took 0.029199 seconds .

========================================================================
Received Import Request.
  Time since last request: 182.843490 seconds.
  path: Assets/Tilesets/Colliders/Colliders.png
  artifactKey: Guid(71394010928445e4188849c9d9861b91) Importer(815301076,1909f56bfc062723c751e8b465ee728b)
Start importing Assets/Tilesets/Colliders/Colliders.png using Guid(71394010928445e4188849c9d9861b91) Importer(815301076,1909f56bfc062723c751e8b465ee728b)  -> (artifact id: 'f52cee41c8b082c3ec819b8b7b4bbe8e') in 0.023186 seconds 
  Import took 0.027726 seconds .

========================================================================
Received Prepare
Refreshing native plugins compatible for Editor in 7.06 ms, found 3 plugins.
Preloading 0 native plugins for Editor in 0.00 ms.
Unloading 25 Unused Serialized files (Serialized files now loaded: 0)
System memory in use before: 82.6 MB.
System memory in use after: 82.6 MB.

Unloading 25 unused Assets to reduce memory usage. Loaded Objects now: 2780.
Total: 4.736400 ms (FindLiveObjects: 0.204100 ms CreateObjectMapping: 0.113700 ms MarkObjects: 4.221800 ms  DeleteObjects: 0.195500 ms)

AssetImportParameters requested are different than current active one (requested -> active):
  custom:framework-win-MediaFoundation: 216162199b28c13a410421893ffa2e32 -> 
  custom:video-decoder-ogg-theora: a1e56fd34408186e4bbccfd4996cb3dc -> 
  custom:container-muxer-webm: aa71ff27fc2769a1b78a27578f13a17b -> 
  custom:container-demuxer-webm: 4f35f7cbe854078d1ac9338744f61a02 -> 
  custom:container-demuxer-ogg: 62fdf1f143b41e24485cea50d1cbac27 -> 
  custom:video-encoder-webm-vp8: eb34c28f22e8b96e1ab97ce403110664 -> 
  custom:video-decoder-webm-vp8: 9c59270c3fd7afecdb556c50c9e8de78 -> 
  custom:audio-decoder-ogg-vorbis: bf7c407c2cedff20999df2af8eb42d56 -> 
  custom:audio-encoder-webm-vorbis: bf7c407c2cedff20999df2af8eb42d56 -> 
========================================================================
Received Prepare
Refreshing native plugins compatible for Editor in 6.65 ms, found 3 plugins.
Preloading 0 native plugins for Editor in 0.00 ms.
Unloading 25 Unused Serialized files (Serialized files now loaded: 0)
System memory in use before: 82.6 MB.
System memory in use after: 82.6 MB.

Unloading 25 unused Assets to reduce memory usage. Loaded Objects now: 2780.
Total: 4.653300 ms (FindLiveObjects: 0.199700 ms CreateObjectMapping: 0.113900 ms MarkObjects: 4.164100 ms  DeleteObjects: 0.174500 ms)

AssetImportParameters requested are different than current active one (requested -> active):
  custom:framework-win-MediaFoundation: 216162199b28c13a410421893ffa2e32 -> 
  custom:video-decoder-ogg-theora: a1e56fd34408186e4bbccfd4996cb3dc -> 
  custom:container-muxer-webm: aa71ff27fc2769a1b78a27578f13a17b -> 
  custom:container-demuxer-webm: 4f35f7cbe854078d1ac9338744f61a02 -> 
  custom:container-demuxer-ogg: 62fdf1f143b41e24485cea50d1cbac27 -> 
  custom:video-encoder-webm-vp8: eb34c28f22e8b96e1ab97ce403110664 -> 
  custom:video-decoder-webm-vp8: 9c59270c3fd7afecdb556c50c9e8de78 -> 
  custom:audio-decoder-ogg-vorbis: bf7c407c2cedff20999df2af8eb42d56 -> 
  custom:audio-encoder-webm-vorbis: bf7c407c2cedff20999df2af8eb42d56 -> 
========================================================================
Received Import Request.
  Time since last request: 804.072509 seconds.
  path: Assets/Tilesets/Colliders/Colliders.png
  artifactKey: Guid(71394010928445e4188849c9d9861b91) Importer(815301076,1909f56bfc062723c751e8b465ee728b)
Start importing Assets/Tilesets/Colliders/Colliders.png using Guid(71394010928445e4188849c9d9861b91) Importer(815301076,1909f56bfc062723c751e8b465ee728b)  -> (artifact id: '071939b5ce9e8ed4279c7bd6a0efdde2') in 0.023501 seconds 
  Import took 0.028321 seconds .

========================================================================
Received Import Request.
  Time since last request: 118.757613 seconds.
  path: Assets/Tilesets/Colliders/Colliders.png
  artifactKey: Guid(71394010928445e4188849c9d9861b91) Importer(815301076,1909f56bfc062723c751e8b465ee728b)
Start importing Assets/Tilesets/Colliders/Colliders.png using Guid(71394010928445e4188849c9d9861b91) Importer(815301076,1909f56bfc062723c751e8b465ee728b)  -> (artifact id: '5a9dc72d1d9c7077df91811b876590e9') in 0.022864 seconds 
  Import took 0.027220 seconds .

========================================================================
Received Import Request.
  Time since last request: 24.288108 seconds.
  path: Assets/Tilesets/Colliders/Colliders.png
  artifactKey: Guid(71394010928445e4188849c9d9861b91) Importer(815301076,1909f56bfc062723c751e8b465ee728b)
Start importing Assets/Tilesets/Colliders/Colliders.png using Guid(71394010928445e4188849c9d9861b91) Importer(815301076,1909f56bfc062723c751e8b465ee728b)  -> (artifact id: '75d753e4e02ddbb7bc22fd36fd975401') in 0.023152 seconds 
  Import took 0.027539 seconds .

========================================================================
Received Import Request.
  Time since last request: 38.868396 seconds.
  path: Assets/Tilesets/Colliders/Colliders.png
  artifactKey: Guid(71394010928445e4188849c9d9861b91) Importer(815301076,1909f56bfc062723c751e8b465ee728b)
Start importing Assets/Tilesets/Colliders/Colliders.png using Guid(71394010928445e4188849c9d9861b91) Importer(815301076,1909f56bfc062723c751e8b465ee728b)  -> (artifact id: '1fc978ac83d9de6e35606482eb0c401c') in 0.022243 seconds 
  Import took 0.026588 seconds .

========================================================================
Received Import Request.
  Time since last request: 70.708703 seconds.
  path: Assets/Tilesets/Colliders/Colliders.png
  artifactKey: Guid(71394010928445e4188849c9d9861b91) Importer(815301076,1909f56bfc062723c751e8b465ee728b)
Start importing Assets/Tilesets/Colliders/Colliders.png using Guid(71394010928445e4188849c9d9861b91) Importer(815301076,1909f56bfc062723c751e8b465ee728b)  -> (artifact id: 'a4e8da4a5b7640bf206a2d086c8c706e') in 0.022628 seconds 
  Import took 0.027021 seconds .

========================================================================
Received Import Request.
  Time since last request: 21.245836 seconds.
  path: Assets/Tilesets/Colliders/Colliders.png
  artifactKey: Guid(71394010928445e4188849c9d9861b91) Importer(815301076,1909f56bfc062723c751e8b465ee728b)
Start importing Assets/Tilesets/Colliders/Colliders.png using Guid(71394010928445e4188849c9d9861b91) Importer(815301076,1909f56bfc062723c751e8b465ee728b)  -> (artifact id: '0c51c798b148a360b76f054d2c73b5c3') in 0.022590 seconds 
  Import took 0.026987 seconds .

========================================================================
Received Import Request.
  Time since last request: 470.872397 seconds.
  path: Assets/Tilesets/Colliders/Colliders.png
  artifactKey: Guid(71394010928445e4188849c9d9861b91) Importer(815301076,1909f56bfc062723c751e8b465ee728b)
Start importing Assets/Tilesets/Colliders/Colliders.png using Guid(71394010928445e4188849c9d9861b91) Importer(815301076,1909f56bfc062723c751e8b465ee728b)  -> (artifact id: '2781f03e1e95ebb5b76237884f573642') in 0.022398 seconds 
  Import took 0.026835 seconds .

========================================================================
Received Import Request.
  Time since last request: 74.493251 seconds.
  path: Assets/Tilesets/Colliders/Colliders.png
  artifactKey: Guid(71394010928445e4188849c9d9861b91) Importer(815301076,1909f56bfc062723c751e8b465ee728b)
Start importing Assets/Tilesets/Colliders/Colliders.png using Guid(71394010928445e4188849c9d9861b91) Importer(815301076,1909f56bfc062723c751e8b465ee728b)  -> (artifact id: '263947199b7f097c5e8eb04f9ca2e543') in 0.028159 seconds 
  Import took 0.032702 seconds .

========================================================================
Received Import Request.
  Time since last request: 409.523027 seconds.
  path: Assets/Tilesets/Colliders/Colliders.png
  artifactKey: Guid(71394010928445e4188849c9d9861b91) Importer(815301076,1909f56bfc062723c751e8b465ee728b)
Start importing Assets/Tilesets/Colliders/Colliders.png using Guid(71394010928445e4188849c9d9861b91) Importer(815301076,1909f56bfc062723c751e8b465ee728b)  -> (artifact id: '01f517f99139b34e632456467445e789') in 0.029263 seconds 
  Import took 0.033770 seconds .

========================================================================
Received Import Request.
  Time since last request: 91.527216 seconds.
  path: Assets/Tilesets/Colliders/Colliders.png
  artifactKey: Guid(71394010928445e4188849c9d9861b91) Importer(815301076,1909f56bfc062723c751e8b465ee728b)
Start importing Assets/Tilesets/Colliders/Colliders.png using Guid(71394010928445e4188849c9d9861b91) Importer(815301076,1909f56bfc062723c751e8b465ee728b)  -> (artifact id: 'da3acfcbb42e23847ba7ef454495733f') in 0.028514 seconds 
  Import took 0.033064 seconds .

========================================================================
Received Import Request.
  Time since last request: 61.906721 seconds.
  path: Assets/Tilesets/Colliders/Colliders.png
  artifactKey: Guid(71394010928445e4188849c9d9861b91) Importer(815301076,1909f56bfc062723c751e8b465ee728b)
Start importing Assets/Tilesets/Colliders/Colliders.png using Guid(71394010928445e4188849c9d9861b91) Importer(815301076,1909f56bfc062723c751e8b465ee728b)  -> (artifact id: '7d3684b44732a3ee141d5cfea7e432b1') in 0.028852 seconds 
  Import took 0.033379 seconds .

========================================================================
Received Import Request.
  Time since last request: 38.702581 seconds.
  path: Assets/Tilesets/Colliders/Colliders.png
  artifactKey: Guid(71394010928445e4188849c9d9861b91) Importer(815301076,1909f56bfc062723c751e8b465ee728b)
Start importing Assets/Tilesets/Colliders/Colliders.png using Guid(71394010928445e4188849c9d9861b91) Importer(815301076,1909f56bfc062723c751e8b465ee728b)  -> (artifact id: 'b948fccbff751ba727842bdc1362ea06') in 0.030061 seconds 
  Import took 0.034647 seconds .

========================================================================
Received Import Request.
  Time since last request: 10.994029 seconds.
  path: Assets/Tilesets/Colliders/Colliders.png
  artifactKey: Guid(71394010928445e4188849c9d9861b91) Importer(815301076,1909f56bfc062723c751e8b465ee728b)
Start importing Assets/Tilesets/Colliders/Colliders.png using Guid(71394010928445e4188849c9d9861b91) Importer(815301076,1909f56bfc062723c751e8b465ee728b)  -> (artifact id: 'f7a83472e183cbedcc0be9c75033d249') in 0.029860 seconds 
  Import took 0.034427 seconds .

========================================================================
Received Import Request.
  Time since last request: 99.005249 seconds.
  path: Assets/Tilesets/Colliders/Colliders.png
  artifactKey: Guid(71394010928445e4188849c9d9861b91) Importer(815301076,1909f56bfc062723c751e8b465ee728b)
Start importing Assets/Tilesets/Colliders/Colliders.png using Guid(71394010928445e4188849c9d9861b91) Importer(815301076,1909f56bfc062723c751e8b465ee728b)  -> (artifact id: '2c507f778daccb052da49f505309af9f') in 0.027588 seconds 
  Import took 0.032075 seconds .

========================================================================
Received Import Request.
  Time since last request: 16.503573 seconds.
  path: Assets/Tilesets/Colliders/Colliders.png
  artifactKey: Guid(71394010928445e4188849c9d9861b91) Importer(815301076,1909f56bfc062723c751e8b465ee728b)
Start importing Assets/Tilesets/Colliders/Colliders.png using Guid(71394010928445e4188849c9d9861b91) Importer(815301076,1909f56bfc062723c751e8b465ee728b)  -> (artifact id: 'ea599c733e52191c61085e3e318675ba') in 0.028170 seconds 
  Import took 0.032703 seconds .

========================================================================
Received Import Request.
  Time since last request: 11.220334 seconds.
  path: Assets/Tilesets/Colliders/Colliders.png
  artifactKey: Guid(71394010928445e4188849c9d9861b91) Importer(815301076,1909f56bfc062723c751e8b465ee728b)
Start importing Assets/Tilesets/Colliders/Colliders.png using Guid(71394010928445e4188849c9d9861b91) Importer(815301076,1909f56bfc062723c751e8b465ee728b)  -> (artifact id: '0657de0d378da5399c4c1e7a82386478') in 0.027163 seconds 
  Import took 0.031631 seconds .

========================================================================
Received Import Request.
  Time since last request: 211.145383 seconds.
  path: Assets/Tilesets/Colliders/Colliders.png
  artifactKey: Guid(71394010928445e4188849c9d9861b91) Importer(815301076,1909f56bfc062723c751e8b465ee728b)
Start importing Assets/Tilesets/Colliders/Colliders.png using Guid(71394010928445e4188849c9d9861b91) Importer(815301076,1909f56bfc062723c751e8b465ee728b)  -> (artifact id: 'fc2a4cd287d70c9e7854e733b233a647') in 0.029328 seconds 
  Import took 0.033939 seconds .

========================================================================
Received Import Request.
  Time since last request: 10.310477 seconds.
  path: Assets/Tilesets/Colliders/Colliders.png
  artifactKey: Guid(71394010928445e4188849c9d9861b91) Importer(815301076,1909f56bfc062723c751e8b465ee728b)
Start importing Assets/Tilesets/Colliders/Colliders.png using Guid(71394010928445e4188849c9d9861b91) Importer(815301076,1909f56bfc062723c751e8b465ee728b)  -> (artifact id: '08a0da9182a38a2fd6da1e769601845a') in 0.029462 seconds 
  Import took 0.033907 seconds .

========================================================================
Received Import Request.
  Time since last request: 77.283565 seconds.
  path: Assets/Tilesets/Colliders/Colliders.png
  artifactKey: Guid(71394010928445e4188849c9d9861b91) Importer(815301076,1909f56bfc062723c751e8b465ee728b)
Start importing Assets/Tilesets/Colliders/Colliders.png using Guid(71394010928445e4188849c9d9861b91) Importer(815301076,1909f56bfc062723c751e8b465ee728b)  -> (artifact id: '3755797179349c33c705e20f66ee1582') in 0.028351 seconds 
  Import took 0.032970 seconds .

========================================================================
Received Import Request.
  Time since last request: 16.624281 seconds.
  path: Assets/Tilesets/Colliders/Colliders.png
  artifactKey: Guid(71394010928445e4188849c9d9861b91) Importer(815301076,1909f56bfc062723c751e8b465ee728b)
Start importing Assets/Tilesets/Colliders/Colliders.png using Guid(71394010928445e4188849c9d9861b91) Importer(815301076,1909f56bfc062723c751e8b465ee728b)  -> (artifact id: 'ed4ad08b10139f25a98fc07b7291e7f4') in 0.028045 seconds 
  Import took 0.032821 seconds .

========================================================================
Received Import Request.
  Time since last request: 31.771075 seconds.
  path: Assets/Tilesets/Colliders/Colliders.png
  artifactKey: Guid(71394010928445e4188849c9d9861b91) Importer(815301076,1909f56bfc062723c751e8b465ee728b)
Start importing Assets/Tilesets/Colliders/Colliders.png using Guid(71394010928445e4188849c9d9861b91) Importer(815301076,1909f56bfc062723c751e8b465ee728b)  -> (artifact id: 'baa3ab87612ac838eed0a872f181a4a6') in 0.028386 seconds 
  Import took 0.032938 seconds .

========================================================================
Received Import Request.
  Time since last request: 196.147324 seconds.
  path: Assets/Tilesets/Colliders/Colliders.png
  artifactKey: Guid(71394010928445e4188849c9d9861b91) Importer(815301076,1909f56bfc062723c751e8b465ee728b)
Start importing Assets/Tilesets/Colliders/Colliders.png using Guid(71394010928445e4188849c9d9861b91) Importer(815301076,1909f56bfc062723c751e8b465ee728b)  -> (artifact id: '858f8631adfd673dfda6024653a7b9b4') in 0.028442 seconds 
  Import took 0.032920 seconds .

========================================================================
Received Import Request.
  Time since last request: 50.141286 seconds.
  path: Assets/Tilesets/Colliders/Colliders.png
  artifactKey: Guid(71394010928445e4188849c9d9861b91) Importer(815301076,1909f56bfc062723c751e8b465ee728b)
Start importing Assets/Tilesets/Colliders/Colliders.png using Guid(71394010928445e4188849c9d9861b91) Importer(815301076,1909f56bfc062723c751e8b465ee728b)  -> (artifact id: '34bc89546cd790c43895202a85de45cb') in 0.028131 seconds 
  Import took 0.032614 seconds .

========================================================================
Received Import Request.
  Time since last request: 81.483421 seconds.
  path: Assets/Tilesets/Colliders/Colliders.png
  artifactKey: Guid(71394010928445e4188849c9d9861b91) Importer(815301076,1909f56bfc062723c751e8b465ee728b)
Start importing Assets/Tilesets/Colliders/Colliders.png using Guid(71394010928445e4188849c9d9861b91) Importer(815301076,1909f56bfc062723c751e8b465ee728b)  -> (artifact id: 'caeeba73b713e98f4e1f3886fb31f3fd') in 0.027756 seconds 
  Import took 0.032242 seconds .

========================================================================
Received Import Request.
  Time since last request: 31.605859 seconds.
  path: Assets/Tilesets/Colliders/Colliders.png
  artifactKey: Guid(71394010928445e4188849c9d9861b91) Importer(815301076,1909f56bfc062723c751e8b465ee728b)
Start importing Assets/Tilesets/Colliders/Colliders.png using Guid(71394010928445e4188849c9d9861b91) Importer(815301076,1909f56bfc062723c751e8b465ee728b)  -> (artifact id: '463c547f60497d15fd02d34f0902f63a') in 0.028754 seconds 
  Import took 0.033279 seconds .

========================================================================
Received Import Request.
  Time since last request: 27.569141 seconds.
  path: Assets/Tilesets/Colliders/Colliders.png
  artifactKey: Guid(71394010928445e4188849c9d9861b91) Importer(815301076,1909f56bfc062723c751e8b465ee728b)
Start importing Assets/Tilesets/Colliders/Colliders.png using Guid(71394010928445e4188849c9d9861b91) Importer(815301076,1909f56bfc062723c751e8b465ee728b)  -> (artifact id: '2950d2eeb4e14930947242378be6b324') in 0.028822 seconds 
  Import took 0.033419 seconds .

========================================================================
Received Import Request.
  Time since last request: 25.783184 seconds.
  path: Assets/Tilesets/Colliders/Colliders.png
  artifactKey: Guid(71394010928445e4188849c9d9861b91) Importer(815301076,1909f56bfc062723c751e8b465ee728b)
Start importing Assets/Tilesets/Colliders/Colliders.png using Guid(71394010928445e4188849c9d9861b91) Importer(815301076,1909f56bfc062723c751e8b465ee728b)  -> (artifact id: '0ce5b8c1b8a1c1daaa5c795219c66f23') in 0.028662 seconds 
  Import took 0.033158 seconds .

========================================================================
Received Import Request.
  Time since last request: 6.266451 seconds.
  path: Assets/Tilesets/Colliders/Colliders.png
  artifactKey: Guid(71394010928445e4188849c9d9861b91) Importer(815301076,1909f56bfc062723c751e8b465ee728b)
Start importing Assets/Tilesets/Colliders/Colliders.png using Guid(71394010928445e4188849c9d9861b91) Importer(815301076,1909f56bfc062723c751e8b465ee728b)  -> (artifact id: '890af38b08c0db7175e209412f7ff056') in 0.029277 seconds 
  Import took 0.033810 seconds .

========================================================================
Received Import Request.
  Time since last request: 3.603762 seconds.
  path: Assets/Tilesets/Colliders/Colliders.png
  artifactKey: Guid(71394010928445e4188849c9d9861b91) Importer(815301076,1909f56bfc062723c751e8b465ee728b)
Start importing Assets/Tilesets/Colliders/Colliders.png using Guid(71394010928445e4188849c9d9861b91) Importer(815301076,1909f56bfc062723c751e8b465ee728b)  -> (artifact id: '42249cdbbe9d7cdc0d5ef41747370c52') in 0.028510 seconds 
  Import took 0.033028 seconds .

========================================================================
Received Import Request.
  Time since last request: 3.091842 seconds.
  path: Assets/Tilesets/Colliders/Colliders.png
  artifactKey: Guid(71394010928445e4188849c9d9861b91) Importer(815301076,1909f56bfc062723c751e8b465ee728b)
Start importing Assets/Tilesets/Colliders/Colliders.png using Guid(71394010928445e4188849c9d9861b91) Importer(815301076,1909f56bfc062723c751e8b465ee728b)  -> (artifact id: 'cb8df83fa2f227d2b7e3007e5d7a8576') in 0.028845 seconds 
  Import took 0.033365 seconds .

========================================================================
Received Import Request.
  Time since last request: 65.059073 seconds.
  path: Assets/Tilesets/Colliders/Colliders.png
  artifactKey: Guid(71394010928445e4188849c9d9861b91) Importer(815301076,1909f56bfc062723c751e8b465ee728b)
Start importing Assets/Tilesets/Colliders/Colliders.png using Guid(71394010928445e4188849c9d9861b91) Importer(815301076,1909f56bfc062723c751e8b465ee728b)  -> (artifact id: 'f8da178d577bf23df4c9d07a43390ba8') in 0.028705 seconds 
  Import took 0.033201 seconds .

========================================================================
Received Import Request.
  Time since last request: 10.773231 seconds.
  path: Assets/Tilesets/Colliders/Colliders.png
  artifactKey: Guid(71394010928445e4188849c9d9861b91) Importer(815301076,1909f56bfc062723c751e8b465ee728b)
Start importing Assets/Tilesets/Colliders/Colliders.png using Guid(71394010928445e4188849c9d9861b91) Importer(815301076,1909f56bfc062723c751e8b465ee728b)  -> (artifact id: 'b323844a53fa03d571bf6d10c796937d') in 0.027410 seconds 
  Import took 0.031797 seconds .

========================================================================
Received Import Request.
  Time since last request: 146.172459 seconds.
  path: Assets/Tilesets/Colliders/Colliders.png
  artifactKey: Guid(71394010928445e4188849c9d9861b91) Importer(815301076,1909f56bfc062723c751e8b465ee728b)
Start importing Assets/Tilesets/Colliders/Colliders.png using Guid(71394010928445e4188849c9d9861b91) Importer(815301076,1909f56bfc062723c751e8b465ee728b)  -> (artifact id: '79a8582e855248042fd27c1f8ed76530') in 0.028138 seconds 
  Import took 0.032683 seconds .

========================================================================
Received Prepare
Refreshing native plugins compatible for Editor in 7.31 ms, found 3 plugins.
Preloading 0 native plugins for Editor in 0.00 ms.
Unloading 25 Unused Serialized files (Serialized files now loaded: 0)
System memory in use before: 82.8 MB.
System memory in use after: 82.8 MB.

Unloading 25 unused Assets to reduce memory usage. Loaded Objects now: 2780.
Total: 4.406700 ms (FindLiveObjects: 0.213100 ms CreateObjectMapping: 0.116100 ms MarkObjects: 3.890800 ms  DeleteObjects: 0.185500 ms)

AssetImportParameters requested are different than current active one (requested -> active):
  custom:framework-win-MediaFoundation: 216162199b28c13a410421893ffa2e32 -> 
  custom:video-decoder-ogg-theora: a1e56fd34408186e4bbccfd4996cb3dc -> 
  custom:container-muxer-webm: aa71ff27fc2769a1b78a27578f13a17b -> 
  custom:container-demuxer-webm: 4f35f7cbe854078d1ac9338744f61a02 -> 
  custom:container-demuxer-ogg: 62fdf1f143b41e24485cea50d1cbac27 -> 
  custom:video-encoder-webm-vp8: eb34c28f22e8b96e1ab97ce403110664 -> 
  custom:video-decoder-webm-vp8: 9c59270c3fd7afecdb556c50c9e8de78 -> 
  custom:audio-decoder-ogg-vorbis: bf7c407c2cedff20999df2af8eb42d56 -> 
  custom:audio-encoder-webm-vorbis: bf7c407c2cedff20999df2af8eb42d56 -> 
========================================================================
Received Prepare
Registering precompiled user dll's ...
Registered in 0.007963 seconds.
Begin MonoManager ReloadAssembly
Native extension for WindowsStandalone target not found
Native extension for WebGL target not found
Refreshing native plugins compatible for Editor in 0.87 ms, found 3 plugins.
Preloading 0 native plugins for Editor in 0.00 ms.
Mono: successfully reloaded assembly
- Completed reload, in  1.534 seconds
Domain Reload Profiling:
	ReloadAssembly (1535ms)
		BeginReloadAssembly (171ms)
			ExecutionOrderSort (0ms)
			DisableScriptedObjects (10ms)
			BackupInstance (0ms)
			ReleaseScriptingObjects (0ms)
			CreateAndSetChildDomain (50ms)
		EndReloadAssembly (1274ms)
			LoadAssemblies (150ms)
			RebuildTransferFunctionScriptingTraits (0ms)
			SetupTypeCache (455ms)
			ReleaseScriptCaches (1ms)
			RebuildScriptCaches (73ms)
			SetupLoadedEditorAssemblies (448ms)
				LogAssemblyErrors (0ms)
				InitializePlatformSupportModulesInManaged (8ms)
				SetLoadedEditorAssemblies (1ms)
				RefreshPlugins (1ms)
				BeforeProcessingInitializeOnLoad (123ms)
				ProcessInitializeOnLoadAttributes (287ms)
				ProcessInitializeOnLoadMethodAttributes (20ms)
				AfterProcessingInitializeOnLoad (8ms)
				EditorAssembliesLoaded (0ms)
			ExecutionOrderSort2 (0ms)
			AwakeInstancesAfterBackupRestoration (14ms)
Platform modules already initialized, skipping
Refreshing native plugins compatible for Editor in 0.89 ms, found 3 plugins.
Preloading 0 native plugins for Editor in 0.00 ms.
Unloading 2298 Unused Serialized files (Serialized files now loaded: 0)
System memory in use before: 123.9 MB.
System memory in use after: 123.9 MB.

Unloading 27 unused Assets to reduce memory usage. Loaded Objects now: 2784.
Total: 4.049000 ms (FindLiveObjects: 0.208100 ms CreateObjectMapping: 0.122100 ms MarkObjects: 3.532600 ms  DeleteObjects: 0.184500 ms)

AssetImportParameters requested are different than current active one (requested -> active):
  custom:framework-win-MediaFoundation: 216162199b28c13a410421893ffa2e32 -> 
  custom:video-decoder-ogg-theora: a1e56fd34408186e4bbccfd4996cb3dc -> 
  custom:container-muxer-webm: aa71ff27fc2769a1b78a27578f13a17b -> 
  custom:container-demuxer-webm: 4f35f7cbe854078d1ac9338744f61a02 -> 
  custom:container-demuxer-ogg: 62fdf1f143b41e24485cea50d1cbac27 -> 
  custom:video-encoder-webm-vp8: eb34c28f22e8b96e1ab97ce403110664 -> 
  custom:video-decoder-webm-vp8: 9c59270c3fd7afecdb556c50c9e8de78 -> 
  custom:audio-decoder-ogg-vorbis: bf7c407c2cedff20999df2af8eb42d56 -> 
  custom:audio-encoder-webm-vorbis: bf7c407c2cedff20999df2af8eb42d56 -> 
========================================================================
Received Prepare
Registering precompiled user dll's ...
Registered in 0.008079 seconds.
Begin MonoManager ReloadAssembly
Native extension for WindowsStandalone target not found
Native extension for WebGL target not found
Refreshing native plugins compatible for Editor in 0.98 ms, found 3 plugins.
Preloading 0 native plugins for Editor in 0.00 ms.
Mono: successfully reloaded assembly
- Completed reload, in  1.672 seconds
Domain Reload Profiling:
	ReloadAssembly (1673ms)
		BeginReloadAssembly (180ms)
			ExecutionOrderSort (0ms)
			DisableScriptedObjects (10ms)
			BackupInstance (0ms)
			ReleaseScriptingObjects (0ms)
			CreateAndSetChildDomain (56ms)
		EndReloadAssembly (1389ms)
			LoadAssemblies (166ms)
			RebuildTransferFunctionScriptingTraits (0ms)
			SetupTypeCache (497ms)
			ReleaseScriptCaches (1ms)
			RebuildScriptCaches (77ms)
			SetupLoadedEditorAssemblies (484ms)
				LogAssemblyErrors (0ms)
				InitializePlatformSupportModulesInManaged (8ms)
				SetLoadedEditorAssemblies (1ms)
				RefreshPlugins (1ms)
				BeforeProcessingInitializeOnLoad (135ms)
				ProcessInitializeOnLoadAttributes (309ms)
				ProcessInitializeOnLoadMethodAttributes (20ms)
				AfterProcessingInitializeOnLoad (9ms)
				EditorAssembliesLoaded (0ms)
			ExecutionOrderSort2 (0ms)
			AwakeInstancesAfterBackupRestoration (16ms)
Platform modules already initialized, skipping
Refreshing native plugins compatible for Editor in 0.88 ms, found 3 plugins.
Preloading 0 native plugins for Editor in 0.00 ms.
Unloading 2298 Unused Serialized files (Serialized files now loaded: 0)
System memory in use before: 123.9 MB.
System memory in use after: 124.0 MB.

Unloading 27 unused Assets to reduce memory usage. Loaded Objects now: 2787.
Total: 4.247500 ms (FindLiveObjects: 0.265600 ms CreateObjectMapping: 0.132300 ms MarkObjects: 3.633800 ms  DeleteObjects: 0.213900 ms)

AssetImportParameters requested are different than current active one (requested -> active):
  custom:framework-win-MediaFoundation: 216162199b28c13a410421893ffa2e32 -> 
  custom:video-decoder-ogg-theora: a1e56fd34408186e4bbccfd4996cb3dc -> 
  custom:container-muxer-webm: aa71ff27fc2769a1b78a27578f13a17b -> 
  custom:container-demuxer-webm: 4f35f7cbe854078d1ac9338744f61a02 -> 
  custom:container-demuxer-ogg: 62fdf1f143b41e24485cea50d1cbac27 -> 
  custom:video-encoder-webm-vp8: eb34c28f22e8b96e1ab97ce403110664 -> 
  custom:video-decoder-webm-vp8: 9c59270c3fd7afecdb556c50c9e8de78 -> 
  custom:audio-decoder-ogg-vorbis: bf7c407c2cedff20999df2af8eb42d56 -> 
  custom:audio-encoder-webm-vorbis: bf7c407c2cedff20999df2af8eb42d56 -> 
========================================================================
Received Prepare
Registering precompiled user dll's ...
Registered in 0.008539 seconds.
Begin MonoManager ReloadAssembly
Native extension for WindowsStandalone target not found
Native extension for WebGL target not found
Refreshing native plugins compatible for Editor in 0.89 ms, found 3 plugins.
Preloading 0 native plugins for Editor in 0.00 ms.
Mono: successfully reloaded assembly
- Completed reload, in  1.529 seconds
Domain Reload Profiling:
	ReloadAssembly (1529ms)
		BeginReloadAssembly (167ms)
			ExecutionOrderSort (0ms)
			DisableScriptedObjects (10ms)
			BackupInstance (0ms)
			ReleaseScriptingObjects (0ms)
			CreateAndSetChildDomain (48ms)
		EndReloadAssembly (1273ms)
			LoadAssemblies (150ms)
			RebuildTransferFunctionScriptingTraits (0ms)
			SetupTypeCache (455ms)
			ReleaseScriptCaches (1ms)
			RebuildScriptCaches (73ms)
			SetupLoadedEditorAssemblies (448ms)
				LogAssemblyErrors (0ms)
				InitializePlatformSupportModulesInManaged (8ms)
				SetLoadedEditorAssemblies (1ms)
				RefreshPlugins (1ms)
				BeforeProcessingInitializeOnLoad (123ms)
				ProcessInitializeOnLoadAttributes (287ms)
				ProcessInitializeOnLoadMethodAttributes (19ms)
				AfterProcessingInitializeOnLoad (8ms)
				EditorAssembliesLoaded (0ms)
			ExecutionOrderSort2 (0ms)
			AwakeInstancesAfterBackupRestoration (14ms)
Platform modules already initialized, skipping
Refreshing native plugins compatible for Editor in 0.87 ms, found 3 plugins.
Preloading 0 native plugins for Editor in 0.00 ms.
Unloading 2298 Unused Serialized files (Serialized files now loaded: 0)
System memory in use before: 123.9 MB.
System memory in use after: 124.0 MB.

Unloading 27 unused Assets to reduce memory usage. Loaded Objects now: 2790.
Total: 4.127300 ms (FindLiveObjects: 0.219100 ms CreateObjectMapping: 0.124000 ms MarkObjects: 3.599000 ms  DeleteObjects: 0.183600 ms)

AssetImportParameters requested are different than current active one (requested -> active):
  custom:framework-win-MediaFoundation: 216162199b28c13a410421893ffa2e32 -> 
  custom:video-decoder-ogg-theora: a1e56fd34408186e4bbccfd4996cb3dc -> 
  custom:container-muxer-webm: aa71ff27fc2769a1b78a27578f13a17b -> 
  custom:container-demuxer-webm: 4f35f7cbe854078d1ac9338744f61a02 -> 
  custom:container-demuxer-ogg: 62fdf1f143b41e24485cea50d1cbac27 -> 
  custom:video-encoder-webm-vp8: eb34c28f22e8b96e1ab97ce403110664 -> 
  custom:video-decoder-webm-vp8: 9c59270c3fd7afecdb556c50c9e8de78 -> 
  custom:audio-decoder-ogg-vorbis: bf7c407c2cedff20999df2af8eb42d56 -> 
  custom:audio-encoder-webm-vorbis: bf7c407c2cedff20999df2af8eb42d56 -> 
========================================================================
Received Prepare
Refreshing native plugins compatible for Editor in 6.97 ms, found 3 plugins.
Preloading 0 native plugins for Editor in 0.00 ms.
Unloading 25 Unused Serialized files (Serialized files now loaded: 0)
System memory in use before: 79.1 MB.
System memory in use after: 79.1 MB.

Unloading 25 unused Assets to reduce memory usage. Loaded Objects now: 2790.
Total: 4.258100 ms (FindLiveObjects: 0.200700 ms CreateObjectMapping: 0.111200 ms MarkObjects: 3.761800 ms  DeleteObjects: 0.183200 ms)

AssetImportParameters requested are different than current active one (requested -> active):
  custom:framework-win-MediaFoundation: 216162199b28c13a410421893ffa2e32 -> 
  custom:video-decoder-ogg-theora: a1e56fd34408186e4bbccfd4996cb3dc -> 
  custom:container-muxer-webm: aa71ff27fc2769a1b78a27578f13a17b -> 
  custom:container-demuxer-webm: 4f35f7cbe854078d1ac9338744f61a02 -> 
  custom:container-demuxer-ogg: 62fdf1f143b41e24485cea50d1cbac27 -> 
  custom:video-encoder-webm-vp8: eb34c28f22e8b96e1ab97ce403110664 -> 
  custom:video-decoder-webm-vp8: 9c59270c3fd7afecdb556c50c9e8de78 -> 
  custom:audio-decoder-ogg-vorbis: bf7c407c2cedff20999df2af8eb42d56 -> 
  custom:audio-encoder-webm-vorbis: bf7c407c2cedff20999df2af8eb42d56 -> 
========================================================================
Received Prepare
Refreshing native plugins compatible for Editor in 6.72 ms, found 3 plugins.
Preloading 0 native plugins for Editor in 0.00 ms.
Unloading 25 Unused Serialized files (Serialized files now loaded: 0)
System memory in use before: 79.1 MB.
System memory in use after: 79.1 MB.

Unloading 25 unused Assets to reduce memory usage. Loaded Objects now: 2790.
Total: 4.072200 ms (FindLiveObjects: 0.197900 ms CreateObjectMapping: 0.108500 ms MarkObjects: 3.579000 ms  DeleteObjects: 0.185100 ms)

AssetImportParameters requested are different than current active one (requested -> active):
  custom:framework-win-MediaFoundation: 216162199b28c13a410421893ffa2e32 -> 
  custom:video-decoder-ogg-theora: a1e56fd34408186e4bbccfd4996cb3dc -> 
  custom:container-muxer-webm: aa71ff27fc2769a1b78a27578f13a17b -> 
  custom:container-demuxer-webm: 4f35f7cbe854078d1ac9338744f61a02 -> 
  custom:container-demuxer-ogg: 62fdf1f143b41e24485cea50d1cbac27 -> 
  custom:video-encoder-webm-vp8: eb34c28f22e8b96e1ab97ce403110664 -> 
  custom:video-decoder-webm-vp8: 9c59270c3fd7afecdb556c50c9e8de78 -> 
  custom:audio-decoder-ogg-vorbis: bf7c407c2cedff20999df2af8eb42d56 -> 
  custom:audio-encoder-webm-vorbis: bf7c407c2cedff20999df2af8eb42d56 -> 
========================================================================
Received Prepare
Refreshing native plugins compatible for Editor in 6.63 ms, found 3 plugins.
Preloading 0 native plugins for Editor in 0.00 ms.
Unloading 25 Unused Serialized files (Serialized files now loaded: 0)
System memory in use before: 79.1 MB.
System memory in use after: 79.1 MB.

Unloading 25 unused Assets to reduce memory usage. Loaded Objects now: 2790.
Total: 3.899000 ms (FindLiveObjects: 0.195000 ms CreateObjectMapping: 0.109400 ms MarkObjects: 3.413200 ms  DeleteObjects: 0.180100 ms)

AssetImportParameters requested are different than current active one (requested -> active):
  custom:framework-win-MediaFoundation: 216162199b28c13a410421893ffa2e32 -> 
  custom:video-decoder-ogg-theora: a1e56fd34408186e4bbccfd4996cb3dc -> 
  custom:container-muxer-webm: aa71ff27fc2769a1b78a27578f13a17b -> 
  custom:container-demuxer-webm: 4f35f7cbe854078d1ac9338744f61a02 -> 
  custom:container-demuxer-ogg: 62fdf1f143b41e24485cea50d1cbac27 -> 
  custom:video-encoder-webm-vp8: eb34c28f22e8b96e1ab97ce403110664 -> 
  custom:video-decoder-webm-vp8: 9c59270c3fd7afecdb556c50c9e8de78 -> 
  custom:audio-decoder-ogg-vorbis: bf7c407c2cedff20999df2af8eb42d56 -> 
  custom:audio-encoder-webm-vorbis: bf7c407c2cedff20999df2af8eb42d56 -> 
AssetImportWorkerClient::OnTransportError - code=2 error=End of file
